<?xml version="1.0" encoding="UTF-8"?>
<!-- Generated by org.testng.reporters.JUnitReportReporter -->
<testsuite hostname="QSP" failures="0" tests="1" name="jenkins.Test2" time="0.014" errors="0" timestamp="2021-11-08T15:07:14 IST" skipped="0">
  <testcase classname="jenkins.Test2" name="tc1" time="0.014"/>
  <system-out>
hello Selenium  </system-out>
</testsuite> <!-- jenkins.Test2 -->
