<?xml version="1.0" encoding="UTF-8"?>
<!-- Generated by org.testng.reporters.JUnitReportReporter -->
<testsuite hostname="QSP" failures="0" tests="1" name="jenkins.Test4" time="0.002" errors="0" timestamp="2021-11-08T15:07:14 IST" skipped="0">
  <testcase classname="jenkins.Test4" name="tc1" time="0.002"/>
  <system-out>
hello PythonSelenium  </system-out>
</testsuite> <!-- jenkins.Test4 -->
